2026-04-22T00:18:00.496+04:00  INFO 26576 --- [EduStream] [main] com.ltc.edustream.EduStreamApplication   : Starting EduStreamApplication using Java 17.0.18 with PID 26576 (Q:\IdeaProjects\EduStream\build\classes\java\main started by Orkhan in Q:\IdeaProjects\EduStream)
2026-04-22T00:18:00.500+04:00  INFO 26576 --- [EduStream] [main] com.ltc.edustream.EduStreamApplication   : No active profile set, falling back to 1 default profile: "default"
2026-04-22T00:18:01.210+04:00  INFO 26576 --- [EduStream] [main] .s.d.r.c.RepositoryConfigurationDelegate : Multiple Spring Data modules found, entering strict repository configuration mode
2026-04-22T00:18:01.211+04:00  INFO 26576 --- [EduStream] [main] .s.d.r.c.RepositoryConfigurationDelegate : Bootstrapping Spring Data JPA repositories in DEFAULT mode.
2026-04-22T00:18:01.301+04:00  INFO 26576 --- [EduStream] [main] .s.d.r.c.RepositoryConfigurationDelegate : Finished Spring Data repository scanning in 82 ms. Found 6 JPA repository interfaces.
2026-04-22T00:18:01.309+04:00  INFO 26576 --- [EduStream] [main] .s.d.r.c.RepositoryConfigurationDelegate : Multiple Spring Data modules found, entering strict repository configuration mode
2026-04-22T00:18:01.309+04:00  INFO 26576 --- [EduStream] [main] .s.d.r.c.RepositoryConfigurationDelegate : Bootstrapping Spring Data Redis repositories in DEFAULT mode.
2026-04-22T00:18:01.316+04:00  INFO 26576 --- [EduStream] [main] .RepositoryConfigurationExtensionSupport : Spring Data Redis - Could not safely identify store assignment for repository candidate interface com.ltc.edustream.repository.AnswerRepository; If you want this repository to be a Redis repository, consider annotating your entities with one of these annotations: org.springframework.data.redis.core.RedisHash (preferred), or consider extending one of the following types with your repository: org.springframework.data.keyvalue.repository.KeyValueRepository
2026-04-22T00:18:01.316+04:00  INFO 26576 --- [EduStream] [main] .RepositoryConfigurationExtensionSupport : Spring Data Redis - Could not safely identify store assignment for repository candidate interface com.ltc.edustream.repository.CourseRepository; If you want this repository to be a Redis repository, consider annotating your entities with one of these annotations: org.springframework.data.redis.core.RedisHash (preferred), or consider extending one of the following types with your repository: org.springframework.data.keyvalue.repository.KeyValueRepository
2026-04-22T00:18:01.316+04:00  INFO 26576 --- [EduStream] [main] .RepositoryConfigurationExtensionSupport : Spring Data Redis - Could not safely identify store assignment for repository candidate interface com.ltc.edustream.repository.ExamRepository; If you want this repository to be a Redis repository, consider annotating your entities with one of these annotations: org.springframework.data.redis.core.RedisHash (preferred), or consider extending one of the following types with your repository: org.springframework.data.keyvalue.repository.KeyValueRepository
2026-04-22T00:18:01.316+04:00  INFO 26576 --- [EduStream] [main] .RepositoryConfigurationExtensionSupport : Spring Data Redis - Could not safely identify store assignment for repository candidate interface com.ltc.edustream.repository.ExamSessionRepository; If you want this repository to be a Redis repository, consider annotating your entities with one of these annotations: org.springframework.data.redis.core.RedisHash (preferred), or consider extending one of the following types with your repository: org.springframework.data.keyvalue.repository.KeyValueRepository
2026-04-22T00:18:01.316+04:00  INFO 26576 --- [EduStream] [main] .RepositoryConfigurationExtensionSupport : Spring Data Redis - Could not safely identify store assignment for repository candidate interface com.ltc.edustream.repository.LessonRepository; If you want this repository to be a Redis repository, consider annotating your entities with one of these annotations: org.springframework.data.redis.core.RedisHash (preferred), or consider extending one of the following types with your repository: org.springframework.data.keyvalue.repository.KeyValueRepository
2026-04-22T00:18:01.317+04:00  INFO 26576 --- [EduStream] [main] .RepositoryConfigurationExtensionSupport : Spring Data Redis - Could not safely identify store assignment for repository candidate interface com.ltc.edustream.repository.QuestionRepository; If you want this repository to be a Redis repository, consider annotating your entities with one of these annotations: org.springframework.data.redis.core.RedisHash (preferred), or consider extending one of the following types with your repository: org.springframework.data.keyvalue.repository.KeyValueRepository
2026-04-22T00:18:01.317+04:00  INFO 26576 --- [EduStream] [main] .s.d.r.c.RepositoryConfigurationDelegate : Finished Spring Data repository scanning in 4 ms. Found 0 Redis repository interfaces.
2026-04-22T00:18:01.495+04:00  INFO 26576 --- [EduStream] [main] o.s.cloud.context.scope.GenericScope     : BeanFactory id=d61d4283-573e-36fe-a836-9262141c9672
2026-04-22T00:18:01.885+04:00  INFO 26576 --- [EduStream] [main] o.s.b.w.embedded.tomcat.TomcatWebServer  : Tomcat initialized with port 8080 (http)
2026-04-22T00:18:01.891+04:00  INFO 26576 --- [EduStream] [main] o.apache.catalina.core.StandardService   : Starting service [Tomcat]
2026-04-22T00:18:01.891+04:00  INFO 26576 --- [EduStream] [main] o.apache.catalina.core.StandardEngine    : Starting Servlet engine: [Apache Tomcat/10.1.20]
2026-04-22T00:18:01.937+04:00  INFO 26576 --- [EduStream] [main] o.a.c.c.C.[Tomcat].[localhost].[/]       : Initializing Spring embedded WebApplicationContext
2026-04-22T00:18:01.937+04:00  INFO 26576 --- [EduStream] [main] w.s.c.ServletWebServerApplicationContext : Root WebApplicationContext: initialization completed in 1409 ms
2026-04-22T00:18:02.072+04:00 DEBUG 26576 --- [EduStream] [main] o.s.w.f.ServerHttpObservationFilter      : Filter 'webMvcObservationFilter' configured for use
2026-04-22T00:18:02.279+04:00  INFO 26576 --- [EduStream] [main] o.hibernate.jpa.internal.util.LogHelper  : HHH000204: Processing PersistenceUnitInfo [name: default]
2026-04-22T00:18:02.303+04:00  INFO 26576 --- [EduStream] [main] org.hibernate.Version                    : HHH000412: Hibernate ORM core version 6.4.4.Final
2026-04-22T00:18:02.318+04:00  INFO 26576 --- [EduStream] [main] o.h.c.internal.RegionFactoryInitiator    : HHH000026: Second-level cache disabled
2026-04-22T00:18:02.430+04:00  INFO 26576 --- [EduStream] [main] o.s.o.j.p.SpringPersistenceUnitInfo      : No LoadTimeWeaver setup: ignoring JPA class transformer
2026-04-22T00:18:02.442+04:00  INFO 26576 --- [EduStream] [main] com.zaxxer.hikari.HikariDataSource       : HikariPool-1 - Starting...
2026-04-22T00:18:02.536+04:00  INFO 26576 --- [EduStream] [main] com.zaxxer.hikari.pool.HikariPool        : HikariPool-1 - Added connection org.postgresql.jdbc.PgConnection@1c09bb7a
2026-04-22T00:18:02.537+04:00  INFO 26576 --- [EduStream] [main] com.zaxxer.hikari.HikariDataSource       : HikariPool-1 - Start completed.
2026-04-22T00:18:02.554+04:00  WARN 26576 --- [EduStream] [main] org.hibernate.orm.deprecation            : HHH90000025: PostgreSQLDialect does not need to be specified explicitly using 'hibernate.dialect' (remove the property setting and it will be selected by default)
2026-04-22T00:18:03.146+04:00  INFO 26576 --- [EduStream] [main] o.h.e.t.j.p.i.JtaPlatformInitiator       : HHH000489: No JTA platform available (set 'hibernate.transaction.jta.platform' to enable JTA platform integration)
2026-04-22T00:18:03.233+04:00  INFO 26576 --- [EduStream] [main] j.LocalContainerEntityManagerFactoryBean : Initialized JPA EntityManagerFactory for persistence unit 'default'
2026-04-22T00:18:03.506+04:00  WARN 26576 --- [EduStream] [main] ConfigServletWebServerApplicationContext : Exception encountered during context initialization - cancelling refresh attempt: org.springframework.beans.factory.BeanCreationException: Error creating bean with name 'courseChannel' defined in class path resource [com/ltc/edustream/configuration/GrpcClientConfig.class]: Failed to instantiate [io.grpc.ManagedChannel]: Factory method 'courseChannel' threw exception with message: No functional channel service provider found. Try adding a dependency on the grpc-okhttp, grpc-netty, or grpc-netty-shaded artifact
2026-04-22T00:18:03.507+04:00  INFO 26576 --- [EduStream] [main] j.LocalContainerEntityManagerFactoryBean : Closing JPA EntityManagerFactory for persistence unit 'default'
2026-04-22T00:18:03.509+04:00  INFO 26576 --- [EduStream] [main] com.zaxxer.hikari.HikariDataSource       : HikariPool-1 - Shutdown initiated...
2026-04-22T00:18:03.512+04:00  INFO 26576 --- [EduStream] [main] com.zaxxer.hikari.HikariDataSource       : HikariPool-1 - Shutdown completed.
2026-04-22T00:18:03.522+04:00  INFO 26576 --- [EduStream] [main] o.apache.catalina.core.StandardService   : Stopping service [Tomcat]
2026-04-22T00:18:03.532+04:00  INFO 26576 --- [EduStream] [main] .s.b.a.l.ConditionEvaluationReportLogger : 

Error starting ApplicationContext. To display the condition evaluation report re-run your application with 'debug' enabled.
2026-04-22T00:18:03.541+04:00 ERROR 26576 --- [EduStream] [main] o.s.boot.SpringApplication               : Application run failed

org.springframework.beans.factory.BeanCreationException: Error creating bean with name 'courseChannel' defined in class path resource [com/ltc/edustream/configuration/GrpcClientConfig.class]: Failed to instantiate [io.grpc.ManagedChannel]: Factory method 'courseChannel' threw exception with message: No functional channel service provider found. Try adding a dependency on the grpc-okhttp, grpc-netty, or grpc-netty-shaded artifact
	at org.springframework.beans.factory.support.ConstructorResolver.instantiate(ConstructorResolver.java:648) ~[spring-beans-6.1.6.jar:6.1.6]
	at org.springframework.beans.factory.support.ConstructorResolver.instantiateUsingFactoryMethod(ConstructorResolver.java:485) ~[spring-beans-6.1.6.jar:6.1.6]
	at org.springframework.beans.factory.support.AbstractAutowireCapableBeanFactory.instantiateUsingFactoryMethod(AbstractAutowireCapableBeanFactory.java:1335) ~[spring-beans-6.1.6.jar:6.1.6]
	at org.springframework.beans.factory.support.AbstractAutowireCapableBeanFactory.createBeanInstance(AbstractAutowireCapableBeanFactory.java:1165) ~[spring-beans-6.1.6.jar:6.1.6]
	at org.springframework.beans.factory.support.AbstractAutowireCapableBeanFactory.doCreateBean(AbstractAutowireCapableBeanFactory.java:562) ~[spring-beans-6.1.6.jar:6.1.6]
	at org.springframework.beans.factory.support.AbstractAutowireCapableBeanFactory.createBean(AbstractAutowireCapableBeanFactory.java:522) ~[spring-beans-6.1.6.jar:6.1.6]
	at org.springframework.beans.factory.support.AbstractBeanFactory.lambda$doGetBean$0(AbstractBeanFactory.java:326) ~[spring-beans-6.1.6.jar:6.1.6]
	at org.springframework.beans.factory.support.DefaultSingletonBeanRegistry.getSingleton(DefaultSingletonBeanRegistry.java:234) ~[spring-beans-6.1.6.jar:6.1.6]
	at org.springframework.beans.factory.support.AbstractBeanFactory.doGetBean(AbstractBeanFactory.java:324) ~[spring-beans-6.1.6.jar:6.1.6]
	at org.springframework.beans.factory.support.AbstractBeanFactory.getBean(AbstractBeanFactory.java:200) ~[spring-beans-6.1.6.jar:6.1.6]
	at org.springframework.beans.factory.support.DefaultListableBeanFactory.preInstantiateSingletons(DefaultListableBeanFactory.java:975) ~[spring-beans-6.1.6.jar:6.1.6]
	at org.springframework.context.support.AbstractApplicationContext.finishBeanFactoryInitialization(AbstractApplicationContext.java:962) ~[spring-context-6.1.6.jar:6.1.6]
	at org.springframework.context.support.AbstractApplicationContext.refresh(AbstractApplicationContext.java:624) ~[spring-context-6.1.6.jar:6.1.6]
	at org.springframework.boot.web.servlet.context.ServletWebServerApplicationContext.refresh(ServletWebServerApplicationContext.java:146) ~[spring-boot-3.2.5.jar:3.2.5]
	at org.springframework.boot.SpringApplication.refresh(SpringApplication.java:754) ~[spring-boot-3.2.5.jar:3.2.5]
	at org.springframework.boot.SpringApplication.refreshContext(SpringApplication.java:456) ~[spring-boot-3.2.5.jar:3.2.5]
	at org.springframework.boot.SpringApplication.run(SpringApplication.java:334) ~[spring-boot-3.2.5.jar:3.2.5]
	at org.springframework.boot.SpringApplication.run(SpringApplication.java:1354) ~[spring-boot-3.2.5.jar:3.2.5]
	at org.springframework.boot.SpringApplication.run(SpringApplication.java:1343) ~[spring-boot-3.2.5.jar:3.2.5]
	at com.ltc.edustream.EduStreamApplication.main(EduStreamApplication.java:12) ~[main/:na]
Caused by: org.springframework.beans.BeanInstantiationException: Failed to instantiate [io.grpc.ManagedChannel]: Factory method 'courseChannel' threw exception with message: No functional channel service provider found. Try adding a dependency on the grpc-okhttp, grpc-netty, or grpc-netty-shaded artifact
	at org.springframework.beans.factory.support.SimpleInstantiationStrategy.instantiate(SimpleInstantiationStrategy.java:177) ~[spring-beans-6.1.6.jar:6.1.6]
	at org.springframework.beans.factory.support.ConstructorResolver.instantiate(ConstructorResolver.java:644) ~[spring-beans-6.1.6.jar:6.1.6]
	... 19 common frames omitted
Caused by: io.grpc.ManagedChannelProvider$ProviderNotFoundException: No functional channel service provider found. Try adding a dependency on the grpc-okhttp, grpc-netty, or grpc-netty-shaded artifact
	at io.grpc.ManagedChannelProvider.provider(ManagedChannelProvider.java:45) ~[grpc-api-1.77.1.jar:1.77.1]
	at io.grpc.ManagedChannelBuilder.forAddress(ManagedChannelBuilder.java:44) ~[grpc-api-1.77.1.jar:1.77.1]
	at com.ltc.edustream.configuration.GrpcClientConfig.courseChannel(GrpcClientConfig.java:21) ~[main/:na]
	at com.ltc.edustream.configuration.GrpcClientConfig$$SpringCGLIB$$0.CGLIB$courseChannel$1(<generated>) ~[main/:na]
	at com.ltc.edustream.configuration.GrpcClientConfig$$SpringCGLIB$$FastClass$$1.invoke(<generated>) ~[main/:na]
	at org.springframework.cglib.proxy.MethodProxy.invokeSuper(MethodProxy.java:258) ~[spring-core-6.1.6.jar:6.1.6]
	at org.springframework.context.annotation.ConfigurationClassEnhancer$BeanMethodInterceptor.intercept(ConfigurationClassEnhancer.java:331) ~[spring-context-6.1.6.jar:6.1.6]
	at com.ltc.edustream.configuration.GrpcClientConfig$$SpringCGLIB$$0.courseChannel(<generated>) ~[main/:na]
	at java.base/jdk.internal.reflect.NativeMethodAccessorImpl.invoke0(Native Method) ~[na:na]
	at java.base/jdk.internal.reflect.NativeMethodAccessorImpl.invoke(NativeMethodAccessorImpl.java:77) ~[na:na]
	at java.base/jdk.internal.reflect.DelegatingMethodAccessorImpl.invoke(DelegatingMethodAccessorImpl.java:43) ~[na:na]
	at java.base/java.lang.reflect.Method.invoke(Method.java:569) ~[na:na]
	at org.springframework.beans.factory.support.SimpleInstantiationStrategy.instantiate(SimpleInstantiationStrategy.java:140) ~[spring-beans-6.1.6.jar:6.1.6]
	... 20 common frames omitted

2026-04-22T00:30:27.029+04:00  INFO 24616 --- [EduStream] [main] com.ltc.edustream.EduStreamApplication   : Starting EduStreamApplication using Java 17.0.18 with PID 24616 (Q:\IdeaProjects\EduStream\build\classes\java\main started by Orkhan in Q:\IdeaProjects\EduStream)
2026-04-22T00:30:27.032+04:00  INFO 24616 --- [EduStream] [main] com.ltc.edustream.EduStreamApplication   : No active profile set, falling back to 1 default profile: "default"
2026-04-22T00:30:27.707+04:00  INFO 24616 --- [EduStream] [main] .s.d.r.c.RepositoryConfigurationDelegate : Multiple Spring Data modules found, entering strict repository configuration mode
2026-04-22T00:30:27.708+04:00  INFO 24616 --- [EduStream] [main] .s.d.r.c.RepositoryConfigurationDelegate : Bootstrapping Spring Data JPA repositories in DEFAULT mode.
2026-04-22T00:30:27.780+04:00  INFO 24616 --- [EduStream] [main] .s.d.r.c.RepositoryConfigurationDelegate : Finished Spring Data repository scanning in 68 ms. Found 6 JPA repository interfaces.
2026-04-22T00:30:27.793+04:00  INFO 24616 --- [EduStream] [main] .s.d.r.c.RepositoryConfigurationDelegate : Multiple Spring Data modules found, entering strict repository configuration mode
2026-04-22T00:30:27.794+04:00  INFO 24616 --- [EduStream] [main] .s.d.r.c.RepositoryConfigurationDelegate : Bootstrapping Spring Data Redis repositories in DEFAULT mode.
2026-04-22T00:30:27.804+04:00  INFO 24616 --- [EduStream] [main] .RepositoryConfigurationExtensionSupport : Spring Data Redis - Could not safely identify store assignment for repository candidate interface com.ltc.edustream.repository.AnswerRepository; If you want this repository to be a Redis repository, consider annotating your entities with one of these annotations: org.springframework.data.redis.core.RedisHash (preferred), or consider extending one of the following types with your repository: org.springframework.data.keyvalue.repository.KeyValueRepository
2026-04-22T00:30:27.805+04:00  INFO 24616 --- [EduStream] [main] .RepositoryConfigurationExtensionSupport : Spring Data Redis - Could not safely identify store assignment for repository candidate interface com.ltc.edustream.repository.CourseRepository; If you want this repository to be a Redis repository, consider annotating your entities with one of these annotations: org.springframework.data.redis.core.RedisHash (preferred), or consider extending one of the following types with your repository: org.springframework.data.keyvalue.repository.KeyValueRepository
2026-04-22T00:30:27.805+04:00  INFO 24616 --- [EduStream] [main] .RepositoryConfigurationExtensionSupport : Spring Data Redis - Could not safely identify store assignment for repository candidate interface com.ltc.edustream.repository.ExamRepository; If you want this repository to be a Redis repository, consider annotating your entities with one of these annotations: org.springframework.data.redis.core.RedisHash (preferred), or consider extending one of the following types with your repository: org.springframework.data.keyvalue.repository.KeyValueRepository
2026-04-22T00:30:27.805+04:00  INFO 24616 --- [EduStream] [main] .RepositoryConfigurationExtensionSupport : Spring Data Redis - Could not safely identify store assignment for repository candidate interface com.ltc.edustream.repository.ExamSessionRepository; If you want this repository to be a Redis repository, consider annotating your entities with one of these annotations: org.springframework.data.redis.core.RedisHash (preferred), or consider extending one of the following types with your repository: org.springframework.data.keyvalue.repository.KeyValueRepository
2026-04-22T00:30:27.805+04:00  INFO 24616 --- [EduStream] [main] .RepositoryConfigurationExtensionSupport : Spring Data Redis - Could not safely identify store assignment for repository candidate interface com.ltc.edustream.repository.LessonRepository; If you want this repository to be a Redis repository, consider annotating your entities with one of these annotations: org.springframework.data.redis.core.RedisHash (preferred), or consider extending one of the following types with your repository: org.springframework.data.keyvalue.repository.KeyValueRepository
2026-04-22T00:30:27.805+04:00  INFO 24616 --- [EduStream] [main] .RepositoryConfigurationExtensionSupport : Spring Data Redis - Could not safely identify store assignment for repository candidate interface com.ltc.edustream.repository.QuestionRepository; If you want this repository to be a Redis repository, consider annotating your entities with one of these annotations: org.springframework.data.redis.core.RedisHash (preferred), or consider extending one of the following types with your repository: org.springframework.data.keyvalue.repository.KeyValueRepository
2026-04-22T00:30:27.805+04:00  INFO 24616 --- [EduStream] [main] .s.d.r.c.RepositoryConfigurationDelegate : Finished Spring Data repository scanning in 6 ms. Found 0 Redis repository interfaces.
2026-04-22T00:30:27.989+04:00  INFO 24616 --- [EduStream] [main] o.s.cloud.context.scope.GenericScope     : BeanFactory id=33ebe751-5e27-3841-8e4c-63ebacf8213e
2026-04-22T00:30:28.335+04:00  INFO 24616 --- [EduStream] [main] o.s.b.w.embedded.tomcat.TomcatWebServer  : Tomcat initialized with port 8080 (http)
2026-04-22T00:30:28.340+04:00  INFO 24616 --- [EduStream] [main] o.apache.catalina.core.StandardService   : Starting service [Tomcat]
2026-04-22T00:30:28.341+04:00  INFO 24616 --- [EduStream] [main] o.apache.catalina.core.StandardEngine    : Starting Servlet engine: [Apache Tomcat/10.1.20]
2026-04-22T00:30:28.422+04:00  INFO 24616 --- [EduStream] [main] o.a.c.c.C.[Tomcat].[localhost].[/]       : Initializing Spring embedded WebApplicationContext
2026-04-22T00:30:28.423+04:00  INFO 24616 --- [EduStream] [main] w.s.c.ServletWebServerApplicationContext : Root WebApplicationContext: initialization completed in 1354 ms
2026-04-22T00:30:28.551+04:00 DEBUG 24616 --- [EduStream] [main] o.s.w.f.ServerHttpObservationFilter      : Filter 'webMvcObservationFilter' configured for use
2026-04-22T00:30:28.769+04:00  INFO 24616 --- [EduStream] [main] o.hibernate.jpa.internal.util.LogHelper  : HHH000204: Processing PersistenceUnitInfo [name: default]
2026-04-22T00:30:28.797+04:00  INFO 24616 --- [EduStream] [main] org.hibernate.Version                    : HHH000412: Hibernate ORM core version 6.4.4.Final
2026-04-22T00:30:28.816+04:00  INFO 24616 --- [EduStream] [main] o.h.c.internal.RegionFactoryInitiator    : HHH000026: Second-level cache disabled
2026-04-22T00:30:28.925+04:00  INFO 24616 --- [EduStream] [main] o.s.o.j.p.SpringPersistenceUnitInfo      : No LoadTimeWeaver setup: ignoring JPA class transformer
2026-04-22T00:30:28.939+04:00  INFO 24616 --- [EduStream] [main] com.zaxxer.hikari.HikariDataSource       : HikariPool-1 - Starting...
2026-04-22T00:30:29.033+04:00  INFO 24616 --- [EduStream] [main] com.zaxxer.hikari.pool.HikariPool        : HikariPool-1 - Added connection org.postgresql.jdbc.PgConnection@5114c8a1
2026-04-22T00:30:29.034+04:00  INFO 24616 --- [EduStream] [main] com.zaxxer.hikari.HikariDataSource       : HikariPool-1 - Start completed.
2026-04-22T00:30:29.052+04:00  WARN 24616 --- [EduStream] [main] org.hibernate.orm.deprecation            : HHH90000025: PostgreSQLDialect does not need to be specified explicitly using 'hibernate.dialect' (remove the property setting and it will be selected by default)
2026-04-22T00:30:29.615+04:00  INFO 24616 --- [EduStream] [main] o.h.e.t.j.p.i.JtaPlatformInitiator       : HHH000489: No JTA platform available (set 'hibernate.transaction.jta.platform' to enable JTA platform integration)
2026-04-22T00:30:29.711+04:00  INFO 24616 --- [EduStream] [main] j.LocalContainerEntityManagerFactoryBean : Initialized JPA EntityManagerFactory for persistence unit 'default'
2026-04-22T00:30:30.096+04:00  WARN 24616 --- [EduStream] [main] JpaBaseConfiguration$JpaWebConfiguration : spring.jpa.open-in-view is enabled by default. Therefore, database queries may be performed during view rendering. Explicitly configure spring.jpa.open-in-view to disable this warning
2026-04-22T00:30:30.188+04:00 DEBUG 24616 --- [EduStream] [main] s.w.s.m.m.a.RequestMappingHandlerMapping : 15 mappings in 'requestMappingHandlerMapping'
2026-04-22T00:30:30.426+04:00  INFO 24616 --- [EduStream] [main] o.s.d.j.r.query.QueryEnhancerFactory     : Hibernate is in classpath; If applicable, HQL parser will be used.
2026-04-22T00:30:30.673+04:00  INFO 24616 --- [EduStream] [main] efaultSchemaResourceGraphQlSourceBuilder : Loaded 1 resource(s) in the GraphQL schema.
2026-04-22T00:30:30.771+04:00  INFO 24616 --- [EduStream] [main] o.s.b.a.g.GraphQlAutoConfiguration       : GraphQL schema inspection:
	Unmapped fields: {}
	Unmapped registrations: {}
	Skipped types: []
2026-04-22T00:30:30.783+04:00  INFO 24616 --- [EduStream] [main] s.b.a.g.s.GraphQlWebMvcAutoConfiguration : GraphQL endpoint HTTP POST /graphql
2026-04-22T00:30:30.790+04:00 DEBUG 24616 --- [EduStream] [main] o.s.w.s.f.support.RouterFunctionMapping  : 1 RouterFunction(s) in 'routerFunctionMapping'
2026-04-22T00:30:30.799+04:00 DEBUG 24616 --- [EduStream] [main] o.s.w.s.handler.SimpleUrlHandlerMapping  : Patterns [/webjars/**, /**, /swagger-ui*/*swagger-initializer.js, /swagger-ui*/**] in 'resourceHandlerMapping'
2026-04-22T00:30:30.820+04:00 DEBUG 24616 --- [EduStream] [main] s.w.s.m.m.a.RequestMappingHandlerAdapter : ControllerAdvice beans: 0 @ModelAttribute, 0 @InitBinder, 1 RequestBodyAdvice, 1 ResponseBodyAdvice
2026-04-22T00:30:30.845+04:00 DEBUG 24616 --- [EduStream] [main] .m.m.a.ExceptionHandlerExceptionResolver : ControllerAdvice beans: 1 @ExceptionHandler, 1 ResponseBodyAdvice
2026-04-22T00:30:31.462+04:00 DEBUG 24616 --- [EduStream] [main] o.s.d.r.l.RedisMessageListenerContainer  : Starting RedisMessageListenerContainer...
2026-04-22T00:30:31.463+04:00 DEBUG 24616 --- [EduStream] [main] o.s.d.r.l.RedisMessageListenerContainer  : Postpone listening for Redis messages until actual listeners are added
2026-04-22T00:30:31.613+04:00  INFO 24616 --- [EduStream] [main] o.s.b.a.e.web.EndpointLinksResolver      : Exposing 1 endpoint(s) beneath base path '/actuator'
2026-04-22T00:30:31.675+04:00  INFO 24616 --- [EduStream] [main] o.s.b.w.embedded.tomcat.TomcatWebServer  : Tomcat started on port 8080 (http) with context path ''
2026-04-22T00:30:31.758+04:00  INFO 24616 --- [EduStream] [main] com.ltc.edustream.EduStreamApplication   : Started EduStreamApplication in 5.209 seconds (process running for 5.643)
2026-04-22T00:30:32.258+04:00  INFO 24616 --- [EduStream] [RMI TCP Connection(2)-192.168.1.125] o.a.c.c.C.[Tomcat].[localhost].[/]       : Initializing Spring DispatcherServlet 'dispatcherServlet'
2026-04-22T00:30:32.259+04:00  INFO 24616 --- [EduStream] [RMI TCP Connection(2)-192.168.1.125] o.s.web.servlet.DispatcherServlet        : Initializing Servlet 'dispatcherServlet'
2026-04-22T00:30:32.259+04:00 DEBUG 24616 --- [EduStream] [RMI TCP Connection(2)-192.168.1.125] o.s.web.servlet.DispatcherServlet        : Detected StandardServletMultipartResolver
2026-04-22T00:30:32.259+04:00 DEBUG 24616 --- [EduStream] [RMI TCP Connection(2)-192.168.1.125] o.s.web.servlet.DispatcherServlet        : Detected AcceptHeaderLocaleResolver
2026-04-22T00:30:32.259+04:00 DEBUG 24616 --- [EduStream] [RMI TCP Connection(2)-192.168.1.125] o.s.web.servlet.DispatcherServlet        : Detected FixedThemeResolver
2026-04-22T00:30:32.262+04:00 DEBUG 24616 --- [EduStream] [RMI TCP Connection(2)-192.168.1.125] o.s.web.servlet.DispatcherServlet        : Detected org.springframework.web.servlet.view.DefaultRequestToViewNameTranslator@c9ebdb
2026-04-22T00:30:32.262+04:00 DEBUG 24616 --- [EduStream] [RMI TCP Connection(2)-192.168.1.125] o.s.web.servlet.DispatcherServlet        : Detected org.springframework.web.servlet.support.SessionFlashMapManager@2258ca14
2026-04-22T00:30:32.263+04:00 DEBUG 24616 --- [EduStream] [RMI TCP Connection(2)-192.168.1.125] o.s.web.servlet.DispatcherServlet        : enableLoggingRequestDetails='false': request parameters and headers will be masked to prevent unsafe logging of potentially sensitive data
2026-04-22T00:30:32.263+04:00  INFO 24616 --- [EduStream] [RMI TCP Connection(2)-192.168.1.125] o.s.web.servlet.DispatcherServlet        : Completed initialization in 4 ms
2026-04-22T00:30:56.550+04:00 DEBUG 24616 --- [EduStream] [SpringApplicationShutdownHook] o.s.d.r.l.RedisMessageListenerContainer  : Stopped RedisMessageListenerContainer
2026-04-22T00:30:56.553+04:00  INFO 24616 --- [EduStream] [SpringApplicationShutdownHook] j.LocalContainerEntityManagerFactoryBean : Closing JPA EntityManagerFactory for persistence unit 'default'
2026-04-22T00:30:56.554+04:00  INFO 24616 --- [EduStream] [SpringApplicationShutdownHook] com.zaxxer.hikari.HikariDataSource       : HikariPool-1 - Shutdown initiated...
2026-04-22T00:30:56.556+04:00  INFO 24616 --- [EduStream] [SpringApplicationShutdownHook] com.zaxxer.hikari.HikariDataSource       : HikariPool-1 - Shutdown completed.
2026-04-22T00:30:58.625+04:00  INFO 28388 --- [EduStream] [main] com.ltc.edustream.EduStreamApplication   : Starting EduStreamApplication using Java 17.0.18 with PID 28388 (Q:\IdeaProjects\EduStream\build\classes\java\main started by Orkhan in Q:\IdeaProjects\EduStream)
2026-04-22T00:30:58.625+04:00  INFO 28388 --- [EduStream] [main] com.ltc.edustream.EduStreamApplication   : No active profile set, falling back to 1 default profile: "default"
2026-04-22T00:30:59.343+04:00  INFO 28388 --- [EduStream] [main] .s.d.r.c.RepositoryConfigurationDelegate : Multiple Spring Data modules found, entering strict repository configuration mode
2026-04-22T00:30:59.344+04:00  INFO 28388 --- [EduStream] [main] .s.d.r.c.RepositoryConfigurationDelegate : Bootstrapping Spring Data JPA repositories in DEFAULT mode.
2026-04-22T00:30:59.430+04:00  INFO 28388 --- [EduStream] [main] .s.d.r.c.RepositoryConfigurationDelegate : Finished Spring Data repository scanning in 82 ms. Found 6 JPA repository interfaces.
2026-04-22T00:30:59.441+04:00  INFO 28388 --- [EduStream] [main] .s.d.r.c.RepositoryConfigurationDelegate : Multiple Spring Data modules found, entering strict repository configuration mode
2026-04-22T00:30:59.442+04:00  INFO 28388 --- [EduStream] [main] .s.d.r.c.RepositoryConfigurationDelegate : Bootstrapping Spring Data Redis repositories in DEFAULT mode.
2026-04-22T00:30:59.451+04:00  INFO 28388 --- [EduStream] [main] .RepositoryConfigurationExtensionSupport : Spring Data Redis - Could not safely identify store assignment for repository candidate interface com.ltc.edustream.repository.AnswerRepository; If you want this repository to be a Redis repository, consider annotating your entities with one of these annotations: org.springframework.data.redis.core.RedisHash (preferred), or consider extending one of the following types with your repository: org.springframework.data.keyvalue.repository.KeyValueRepository
2026-04-22T00:30:59.451+04:00  INFO 28388 --- [EduStream] [main] .RepositoryConfigurationExtensionSupport : Spring Data Redis - Could not safely identify store assignment for repository candidate interface com.ltc.edustream.repository.CourseRepository; If you want this repository to be a Redis repository, consider annotating your entities with one of these annotations: org.springframework.data.redis.core.RedisHash (preferred), or consider extending one of the following types with your repository: org.springframework.data.keyvalue.repository.KeyValueRepository
2026-04-22T00:30:59.451+04:00  INFO 28388 --- [EduStream] [main] .RepositoryConfigurationExtensionSupport : Spring Data Redis - Could not safely identify store assignment for repository candidate interface com.ltc.edustream.repository.ExamRepository; If you want this repository to be a Redis repository, consider annotating your entities with one of these annotations: org.springframework.data.redis.core.RedisHash (preferred), or consider extending one of the following types with your repository: org.springframework.data.keyvalue.repository.KeyValueRepository
2026-04-22T00:30:59.451+04:00  INFO 28388 --- [EduStream] [main] .RepositoryConfigurationExtensionSupport : Spring Data Redis - Could not safely identify store assignment for repository candidate interface com.ltc.edustream.repository.ExamSessionRepository; If you want this repository to be a Redis repository, consider annotating your entities with one of these annotations: org.springframework.data.redis.core.RedisHash (preferred), or consider extending one of the following types with your repository: org.springframework.data.keyvalue.repository.KeyValueRepository
2026-04-22T00:30:59.452+04:00  INFO 28388 --- [EduStream] [main] .RepositoryConfigurationExtensionSupport : Spring Data Redis - Could not safely identify store assignment for repository candidate interface com.ltc.edustream.repository.LessonRepository; If you want this repository to be a Redis repository, consider annotating your entities with one of these annotations: org.springframework.data.redis.core.RedisHash (preferred), or consider extending one of the following types with your repository: org.springframework.data.keyvalue.repository.KeyValueRepository
2026-04-22T00:30:59.452+04:00  INFO 28388 --- [EduStream] [main] .RepositoryConfigurationExtensionSupport : Spring Data Redis - Could not safely identify store assignment for repository candidate interface com.ltc.edustream.repository.QuestionRepository; If you want this repository to be a Redis repository, consider annotating your entities with one of these annotations: org.springframework.data.redis.core.RedisHash (preferred), or consider extending one of the following types with your repository: org.springframework.data.keyvalue.repository.KeyValueRepository
2026-04-22T00:30:59.452+04:00  INFO 28388 --- [EduStream] [main] .s.d.r.c.RepositoryConfigurationDelegate : Finished Spring Data repository scanning in 5 ms. Found 0 Redis repository interfaces.
2026-04-22T00:30:59.636+04:00  INFO 28388 --- [EduStream] [main] o.s.cloud.context.scope.GenericScope     : BeanFactory id=33ebe751-5e27-3841-8e4c-63ebacf8213e
2026-04-22T00:31:00.033+04:00  INFO 28388 --- [EduStream] [main] o.s.b.w.embedded.tomcat.TomcatWebServer  : Tomcat initialized with port 8080 (http)
2026-04-22T00:31:00.039+04:00  INFO 28388 --- [EduStream] [main] o.apache.catalina.core.StandardService   : Starting service [Tomcat]
2026-04-22T00:31:00.039+04:00  INFO 28388 --- [EduStream] [main] o.apache.catalina.core.StandardEngine    : Starting Servlet engine: [Apache Tomcat/10.1.20]
2026-04-22T00:31:00.089+04:00  INFO 28388 --- [EduStream] [main] o.a.c.c.C.[Tomcat].[localhost].[/]       : Initializing Spring embedded WebApplicationContext
2026-04-22T00:31:00.089+04:00  INFO 28388 --- [EduStream] [main] w.s.c.ServletWebServerApplicationContext : Root WebApplicationContext: initialization completed in 1437 ms
2026-04-22T00:31:00.227+04:00 DEBUG 28388 --- [EduStream] [main] o.s.w.f.ServerHttpObservationFilter      : Filter 'webMvcObservationFilter' configured for use
2026-04-22T00:31:00.442+04:00  INFO 28388 --- [EduStream] [main] o.hibernate.jpa.internal.util.LogHelper  : HHH000204: Processing PersistenceUnitInfo [name: default]
2026-04-22T00:31:00.470+04:00  INFO 28388 --- [EduStream] [main] org.hibernate.Version                    : HHH000412: Hibernate ORM core version 6.4.4.Final
2026-04-22T00:31:00.487+04:00  INFO 28388 --- [EduStream] [main] o.h.c.internal.RegionFactoryInitiator    : HHH000026: Second-level cache disabled
2026-04-22T00:31:00.598+04:00  INFO 28388 --- [EduStream] [main] o.s.o.j.p.SpringPersistenceUnitInfo      : No LoadTimeWeaver setup: ignoring JPA class transformer
2026-04-22T00:31:00.611+04:00  INFO 28388 --- [EduStream] [main] com.zaxxer.hikari.HikariDataSource       : HikariPool-1 - Starting...
2026-04-22T00:31:00.704+04:00  INFO 28388 --- [EduStream] [main] com.zaxxer.hikari.pool.HikariPool        : HikariPool-1 - Added connection org.postgresql.jdbc.PgConnection@24d73c51
2026-04-22T00:31:00.706+04:00  INFO 28388 --- [EduStream] [main] com.zaxxer.hikari.HikariDataSource       : HikariPool-1 - Start completed.
2026-04-22T00:31:00.724+04:00  WARN 28388 --- [EduStream] [main] org.hibernate.orm.deprecation            : HHH90000025: PostgreSQLDialect does not need to be specified explicitly using 'hibernate.dialect' (remove the property setting and it will be selected by default)
2026-04-22T00:31:01.315+04:00  INFO 28388 --- [EduStream] [main] o.h.e.t.j.p.i.JtaPlatformInitiator       : HHH000489: No JTA platform available (set 'hibernate.transaction.jta.platform' to enable JTA platform integration)
2026-04-22T00:31:01.408+04:00  INFO 28388 --- [EduStream] [main] j.LocalContainerEntityManagerFactoryBean : Initialized JPA EntityManagerFactory for persistence unit 'default'
2026-04-22T00:31:01.833+04:00  WARN 28388 --- [EduStream] [main] JpaBaseConfiguration$JpaWebConfiguration : spring.jpa.open-in-view is enabled by default. Therefore, database queries may be performed during view rendering. Explicitly configure spring.jpa.open-in-view to disable this warning
2026-04-22T00:31:01.933+04:00 DEBUG 28388 --- [EduStream] [main] s.w.s.m.m.a.RequestMappingHandlerMapping : 15 mappings in 'requestMappingHandlerMapping'
2026-04-22T00:31:02.183+04:00  INFO 28388 --- [EduStream] [main] o.s.d.j.r.query.QueryEnhancerFactory     : Hibernate is in classpath; If applicable, HQL parser will be used.
2026-04-22T00:31:02.419+04:00  INFO 28388 --- [EduStream] [main] efaultSchemaResourceGraphQlSourceBuilder : Loaded 1 resource(s) in the GraphQL schema.
2026-04-22T00:31:02.539+04:00  INFO 28388 --- [EduStream] [main] o.s.b.a.g.GraphQlAutoConfiguration       : GraphQL schema inspection:
	Unmapped fields: {}
	Unmapped registrations: {}
	Skipped types: []
2026-04-22T00:31:02.556+04:00  INFO 28388 --- [EduStream] [main] s.b.a.g.s.GraphQlWebMvcAutoConfiguration : GraphQL endpoint HTTP POST /graphql
2026-04-22T00:31:02.564+04:00 DEBUG 28388 --- [EduStream] [main] o.s.w.s.f.support.RouterFunctionMapping  : 1 RouterFunction(s) in 'routerFunctionMapping'
2026-04-22T00:31:02.574+04:00 DEBUG 28388 --- [EduStream] [main] o.s.w.s.handler.SimpleUrlHandlerMapping  : Patterns [/webjars/**, /**, /swagger-ui*/*swagger-initializer.js, /swagger-ui*/**] in 'resourceHandlerMapping'
2026-04-22T00:31:02.597+04:00 DEBUG 28388 --- [EduStream] [main] s.w.s.m.m.a.RequestMappingHandlerAdapter : ControllerAdvice beans: 0 @ModelAttribute, 0 @InitBinder, 1 RequestBodyAdvice, 1 ResponseBodyAdvice
2026-04-22T00:31:02.625+04:00 DEBUG 28388 --- [EduStream] [main] .m.m.a.ExceptionHandlerExceptionResolver : ControllerAdvice beans: 1 @ExceptionHandler, 1 ResponseBodyAdvice
2026-04-22T00:31:03.276+04:00 DEBUG 28388 --- [EduStream] [main] o.s.d.r.l.RedisMessageListenerContainer  : Starting RedisMessageListenerContainer...
2026-04-22T00:31:03.277+04:00 DEBUG 28388 --- [EduStream] [main] o.s.d.r.l.RedisMessageListenerContainer  : Postpone listening for Redis messages until actual listeners are added
2026-04-22T00:31:03.452+04:00  INFO 28388 --- [EduStream] [main] o.s.b.a.e.web.EndpointLinksResolver      : Exposing 1 endpoint(s) beneath base path '/actuator'
2026-04-22T00:31:03.536+04:00  INFO 28388 --- [EduStream] [main] o.s.b.w.embedded.tomcat.TomcatWebServer  : Tomcat started on port 8080 (http) with context path ''
2026-04-22T00:31:03.623+04:00  INFO 28388 --- [EduStream] [main] com.ltc.edustream.EduStreamApplication   : Started EduStreamApplication in 5.397 seconds (process running for 5.787)
2026-04-22T00:31:04.034+04:00  INFO 28388 --- [EduStream] [RMI TCP Connection(4)-192.168.1.125] o.a.c.c.C.[Tomcat].[localhost].[/]       : Initializing Spring DispatcherServlet 'dispatcherServlet'
2026-04-22T00:31:04.035+04:00  INFO 28388 --- [EduStream] [RMI TCP Connection(4)-192.168.1.125] o.s.web.servlet.DispatcherServlet        : Initializing Servlet 'dispatcherServlet'
2026-04-22T00:31:04.035+04:00 DEBUG 28388 --- [EduStream] [RMI TCP Connection(4)-192.168.1.125] o.s.web.servlet.DispatcherServlet        : Detected StandardServletMultipartResolver
2026-04-22T00:31:04.035+04:00 DEBUG 28388 --- [EduStream] [RMI TCP Connection(4)-192.168.1.125] o.s.web.servlet.DispatcherServlet        : Detected AcceptHeaderLocaleResolver
2026-04-22T00:31:04.035+04:00 DEBUG 28388 --- [EduStream] [RMI TCP Connection(4)-192.168.1.125] o.s.web.servlet.DispatcherServlet        : Detected FixedThemeResolver
2026-04-22T00:31:04.036+04:00 DEBUG 28388 --- [EduStream] [RMI TCP Connection(4)-192.168.1.125] o.s.web.servlet.DispatcherServlet        : Detected org.springframework.web.servlet.view.DefaultRequestToViewNameTranslator@5d7b3a93
2026-04-22T00:31:04.037+04:00 DEBUG 28388 --- [EduStream] [RMI TCP Connection(4)-192.168.1.125] o.s.web.servlet.DispatcherServlet        : Detected org.springframework.web.servlet.support.SessionFlashMapManager@17f8c75e
2026-04-22T00:31:04.038+04:00 DEBUG 28388 --- [EduStream] [RMI TCP Connection(4)-192.168.1.125] o.s.web.servlet.DispatcherServlet        : enableLoggingRequestDetails='false': request parameters and headers will be masked to prevent unsafe logging of potentially sensitive data
2026-04-22T00:31:04.038+04:00  INFO 28388 --- [EduStream] [RMI TCP Connection(4)-192.168.1.125] o.s.web.servlet.DispatcherServlet        : Completed initialization in 3 ms
2026-04-22T00:31:25.719+04:00 DEBUG 28388 --- [EduStream] [http-nio-8080-exec-1] o.s.web.servlet.DispatcherServlet        : GET "/swagger-ui/index.html", parameters={}
2026-04-22T00:31:25.732+04:00 DEBUG 28388 --- [EduStream] [http-nio-8080-exec-1] o.s.w.s.handler.SimpleUrlHandlerMapping  : Mapped to ResourceHttpRequestHandler [classpath [META-INF/resources/webjars/]]
2026-04-22T00:31:25.748+04:00 DEBUG 28388 --- [EduStream] [http-nio-8080-exec-1] o.s.web.servlet.DispatcherServlet        : Completed 304 NOT_MODIFIED
2026-04-22T00:31:25.758+04:00 DEBUG 28388 --- [EduStream] [http-nio-8080-exec-3] o.s.web.servlet.DispatcherServlet        : GET "/swagger-ui/swagger-ui.css", parameters={}
2026-04-22T00:31:25.758+04:00 DEBUG 28388 --- [EduStream] [http-nio-8080-exec-4] o.s.web.servlet.DispatcherServlet        : GET "/swagger-ui/index.css", parameters={}
2026-04-22T00:31:25.759+04:00 DEBUG 28388 --- [EduStream] [http-nio-8080-exec-4] o.s.w.s.handler.SimpleUrlHandlerMapping  : Mapped to ResourceHttpRequestHandler [classpath [META-INF/resources/webjars/]]
2026-04-22T00:31:25.760+04:00 DEBUG 28388 --- [EduStream] [http-nio-8080-exec-6] o.s.web.servlet.DispatcherServlet        : GET "/swagger-ui/swagger-initializer.js", parameters={}
2026-04-22T00:31:25.760+04:00 DEBUG 28388 --- [EduStream] [http-nio-8080-exec-5] o.s.web.servlet.DispatcherServlet        : GET "/swagger-ui/swagger-ui-standalone-preset.js", parameters={}
2026-04-22T00:31:25.760+04:00 DEBUG 28388 --- [EduStream] [http-nio-8080-exec-3] o.s.w.s.handler.SimpleUrlHandlerMapping  : Mapped to ResourceHttpRequestHandler [classpath [META-INF/resources/webjars/]]
2026-04-22T00:31:25.760+04:00 DEBUG 28388 --- [EduStream] [http-nio-8080-exec-9] o.s.web.servlet.DispatcherServlet        : GET "/swagger-ui/swagger-ui-bundle.js", parameters={}
2026-04-22T00:31:25.760+04:00 DEBUG 28388 --- [EduStream] [http-nio-8080-exec-9] o.s.w.s.handler.SimpleUrlHandlerMapping  : Mapped to ResourceHttpRequestHandler [classpath [META-INF/resources/webjars/]]
2026-04-22T00:31:25.760+04:00 DEBUG 28388 --- [EduStream] [http-nio-8080-exec-4] o.s.web.servlet.DispatcherServlet        : Completed 304 NOT_MODIFIED
2026-04-22T00:31:25.761+04:00 DEBUG 28388 --- [EduStream] [http-nio-8080-exec-6] o.s.w.s.handler.SimpleUrlHandlerMapping  : Mapped to ResourceHttpRequestHandler [classpath [META-INF/resources/webjars/]]
2026-04-22T00:31:25.761+04:00 DEBUG 28388 --- [EduStream] [http-nio-8080-exec-5] o.s.w.s.handler.SimpleUrlHandlerMapping  : Mapped to ResourceHttpRequestHandler [classpath [META-INF/resources/webjars/]]
2026-04-22T00:31:25.761+04:00 DEBUG 28388 --- [EduStream] [http-nio-8080-exec-3] o.s.web.servlet.DispatcherServlet        : Completed 304 NOT_MODIFIED
2026-04-22T00:31:25.761+04:00 DEBUG 28388 --- [EduStream] [http-nio-8080-exec-9] o.s.web.servlet.DispatcherServlet        : Completed 304 NOT_MODIFIED
2026-04-22T00:31:25.763+04:00 DEBUG 28388 --- [EduStream] [http-nio-8080-exec-5] o.s.web.servlet.DispatcherServlet        : Completed 304 NOT_MODIFIED
2026-04-22T00:31:25.776+04:00 DEBUG 28388 --- [EduStream] [http-nio-8080-exec-6] o.s.web.servlet.DispatcherServlet        : Completed 200 OK
2026-04-22T00:31:25.806+04:00 DEBUG 28388 --- [EduStream] [http-nio-8080-exec-7] o.s.web.servlet.DispatcherServlet        : GET "/v3/api-docs/swagger-config", parameters={}
2026-04-22T00:31:25.809+04:00 DEBUG 28388 --- [EduStream] [http-nio-8080-exec-7] s.w.s.m.m.a.RequestMappingHandlerMapping : Mapped to org.springdoc.webmvc.ui.SwaggerConfigResource#openapiJson(HttpServletRequest)
2026-04-22T00:31:25.822+04:00 DEBUG 28388 --- [EduStream] [http-nio-8080-exec-7] m.m.a.RequestResponseBodyMethodProcessor : Using 'application/json', given [*/*] and supported [application/json]
2026-04-22T00:31:25.824+04:00 DEBUG 28388 --- [EduStream] [http-nio-8080-exec-7] m.m.a.RequestResponseBodyMethodProcessor : Writing [{configUrl=/v3/api-docs/swagger-config, oauth2RedirectUrl=http://localhost:8080/swagger-ui/oauth2-re (truncated)...]
2026-04-22T00:31:25.827+04:00 DEBUG 28388 --- [EduStream] [http-nio-8080-exec-7] o.s.web.servlet.DispatcherServlet        : Completed 200 OK
2026-04-22T00:31:25.831+04:00 DEBUG 28388 --- [EduStream] [http-nio-8080-exec-8] o.s.web.servlet.DispatcherServlet        : GET "/v3/api-docs", parameters={}
2026-04-22T00:31:25.832+04:00 DEBUG 28388 --- [EduStream] [http-nio-8080-exec-8] s.w.s.m.m.a.RequestMappingHandlerMapping : Mapped to org.springdoc.webmvc.api.OpenApiWebMvcResource#openapiJson(HttpServletRequest, String, Locale)
2026-04-22T00:31:26.041+04:00  INFO 28388 --- [EduStream] [http-nio-8080-exec-8] o.springdoc.api.AbstractOpenApiResource  : Init duration for springdoc-openapi is: 199 ms
2026-04-22T00:31:26.050+04:00 DEBUG 28388 --- [EduStream] [http-nio-8080-exec-8] m.m.a.RequestResponseBodyMethodProcessor : Using 'application/json', given [application/json, */*] and supported [application/json]
2026-04-22T00:31:26.051+04:00 DEBUG 28388 --- [EduStream] [http-nio-8080-exec-8] m.m.a.RequestResponseBodyMethodProcessor : Writing [{123, 34, 111, 112, 101, 110, 97, 112, 105, 34, 58, 34, 51, 46, 48, 46, 49, 34, 44, 34, 105, 110, 10 (truncated)...]
2026-04-22T00:31:26.052+04:00 DEBUG 28388 --- [EduStream] [http-nio-8080-exec-8] o.s.web.servlet.DispatcherServlet        : Completed 200 OK
2026-04-22T00:31:39.715+04:00 DEBUG 28388 --- [EduStream] [http-nio-8080-exec-2] o.s.web.servlet.DispatcherServlet        : GET "/api/courses/all", parameters={}
2026-04-22T00:31:39.717+04:00 DEBUG 28388 --- [EduStream] [http-nio-8080-exec-2] s.w.s.m.m.a.RequestMappingHandlerMapping : Mapped to com.ltc.edustream.controller.CourseController#getAll()
2026-04-22T00:31:39.857+04:00 DEBUG 28388 --- [EduStream] [http-nio-8080-exec-2] o.s.w.s.m.m.a.HttpEntityMethodProcessor  : Using 'application/json', given [*/*] and supported [application/json, application/*+json]
2026-04-22T00:31:39.859+04:00 DEBUG 28388 --- [EduStream] [http-nio-8080-exec-2] o.s.w.s.m.m.a.HttpEntityMethodProcessor  : Writing [[CourseResponse[id=16, title=IT, description=III Group, teacherName=Camel A., createdAt=2026-04-18T2 (truncated)...]
2026-04-22T00:31:39.860+04:00 DEBUG 28388 --- [EduStream] [http-nio-8080-exec-2] o.s.web.servlet.DispatcherServlet        : Completed 200 OK
2026-04-22T00:32:13.175+04:00 DEBUG 28388 --- [EduStream] [http-nio-8080-exec-1] o.s.web.servlet.DispatcherServlet        : POST "/graphql", parameters={}
2026-04-22T00:32:13.177+04:00 DEBUG 28388 --- [EduStream] [http-nio-8080-exec-1] o.s.w.s.f.support.RouterFunctionMapping  : Mapped to org.springframework.boot.autoconfigure.graphql.servlet.GraphQlWebMvcAutoConfiguration$$Lambda$2126/0x0000025cb5c91e88@41ffb142
2026-04-22T00:32:13.244+04:00 DEBUG 28388 --- [EduStream] [http-nio-8080-exec-1] o.s.web.servlet.DispatcherServlet        : Completed 200 OK
2026-04-22T00:32:15.995+04:00 DEBUG 28388 --- [EduStream] [http-nio-8080-exec-4] o.s.web.servlet.DispatcherServlet        : POST "/graphql", parameters={}
2026-04-22T00:32:15.995+04:00 DEBUG 28388 --- [EduStream] [http-nio-8080-exec-4] o.s.w.s.f.support.RouterFunctionMapping  : Mapped to org.springframework.boot.autoconfigure.graphql.servlet.GraphQlWebMvcAutoConfiguration$$Lambda$2126/0x0000025cb5c91e88@41ffb142
2026-04-22T00:32:16.091+04:00 DEBUG 28388 --- [EduStream] [http-nio-8080-exec-4] o.s.web.servlet.DispatcherServlet        : Completed 200 OK
2026-04-22T00:32:42.131+04:00 DEBUG 28388 --- [EduStream] [http-nio-8080-exec-8] o.s.web.servlet.DispatcherServlet        : POST "/graphql", parameters={}
2026-04-22T00:32:42.131+04:00 DEBUG 28388 --- [EduStream] [http-nio-8080-exec-8] o.s.w.s.f.support.RouterFunctionMapping  : Mapped to org.springframework.boot.autoconfigure.graphql.servlet.GraphQlWebMvcAutoConfiguration$$Lambda$2126/0x0000025cb5c91e88@41ffb142
2026-04-22T00:32:42.136+04:00 DEBUG 28388 --- [EduStream] [http-nio-8080-exec-8] o.s.web.servlet.DispatcherServlet        : Completed 200 OK
2026-04-22T00:33:40.485+04:00 DEBUG 28388 --- [EduStream] [http-nio-8080-exec-10] o.s.web.servlet.DispatcherServlet        : POST "/api/courses/create", parameters={}
2026-04-22T00:33:40.486+04:00 DEBUG 28388 --- [EduStream] [http-nio-8080-exec-10] s.w.s.m.m.a.RequestMappingHandlerMapping : Mapped to com.ltc.edustream.controller.CourseController#create(CourseCreateRequest)
2026-04-22T00:33:40.495+04:00 DEBUG 28388 --- [EduStream] [http-nio-8080-exec-10] m.m.a.RequestResponseBodyMethodProcessor : Read "application/json;charset=UTF-8" to [CourseCreateRequest[title=III Group, description=Science, teacherName=Moon]]
2026-04-22T00:33:42.716+04:00  INFO 28388 --- [EduStream] [http-nio-8080-exec-10] c.l.e.controller.CourseController        : Course added
2026-04-22T00:33:42.717+04:00 DEBUG 28388 --- [EduStream] [http-nio-8080-exec-10] o.s.w.s.m.m.a.HttpEntityMethodProcessor  : Using 'application/json', given [*/*] and supported [application/json, application/*+json]
2026-04-22T00:33:42.717+04:00 DEBUG 28388 --- [EduStream] [http-nio-8080-exec-10] o.s.w.s.m.m.a.HttpEntityMethodProcessor  : Writing [CourseResponse[id=20, title=III Group, description=Science, teacherName=Moon, createdAt=2026-04-21T2 (truncated)...]
2026-04-22T00:33:42.718+04:00 DEBUG 28388 --- [EduStream] [http-nio-8080-exec-10] o.s.web.servlet.DispatcherServlet        : Completed 201 CREATED
2026-04-22T00:33:52.771+04:00 DEBUG 28388 --- [EduStream] [http-nio-8080-exec-1] o.s.web.servlet.DispatcherServlet        : GET "/api/courses/all", parameters={}
2026-04-22T00:33:52.771+04:00 DEBUG 28388 --- [EduStream] [http-nio-8080-exec-1] s.w.s.m.m.a.RequestMappingHandlerMapping : Mapped to com.ltc.edustream.controller.CourseController#getAll()
2026-04-22T00:33:52.789+04:00 DEBUG 28388 --- [EduStream] [http-nio-8080-exec-1] o.s.w.s.m.m.a.HttpEntityMethodProcessor  : Using 'application/json', given [*/*] and supported [application/json, application/*+json]
2026-04-22T00:33:52.789+04:00 DEBUG 28388 --- [EduStream] [http-nio-8080-exec-1] o.s.w.s.m.m.a.HttpEntityMethodProcessor  : Writing [[CourseResponse[id=16, title=IT, description=III Group, teacherName=Camel A., createdAt=2026-04-18T2 (truncated)...]
2026-04-22T00:33:52.790+04:00 DEBUG 28388 --- [EduStream] [http-nio-8080-exec-1] o.s.web.servlet.DispatcherServlet        : Completed 200 OK
